<?xml version="1.0" encoding="UTF-8"?>
<!-- Generated by org.testng.reporters.JUnitReportReporter -->
<testsuite hostname="DESKTOP-F2U77VL" failures="0" tests="2" name="sampleTestNGTest.practise2" time="0.010" errors="0" timestamp="2024-07-08T10:54:22 IST" skipped="0">
  <testcase classname="sampleTestNGTest.practise2" name="testcase4" time="0.003"/>
  <testcase classname="sampleTestNGTest.practise2" name="testcase5" time="0.007"/>
</testsuite> <!-- sampleTestNGTest.practise2 -->
