<?xml version="1.0" encoding="UTF-8"?>
<!-- Generated by org.testng.reporters.JUnitReportReporter -->
<testsuite hostname="DESKTOP-F2U77VL" failures="0" tests="2" name="orangeHrmTestNGRunner.OrangeHrmTestRunner" time="0.710" errors="0" timestamp="2024-07-08T10:36:25 IST" skipped="0">
  <testcase classname="orangeHrmTestNGRunner.OrangeHrmTestRunner" name="performLoginTest" time="0.087"/>
  <testcase classname="orangeHrmTestNGRunner.OrangeHrmTestRunner" name="quitTheBrowser" time="0.623"/>
</testsuite> <!-- orangeHrmTestNGRunner.OrangeHrmTestRunner -->
