<?xml version="1.0" encoding="UTF-8"?>
<!-- Generated by org.testng.reporters.JUnitReportReporter -->
<testsuite hostname="DESKTOP-F2U77VL" failures="0" tests="5" name="fileUploadPractiseTest.fileUploadTest" time="0.049" errors="0" timestamp="2024-07-24T22:29:24 IST" skipped="0">
  <testcase classname="fileUploadPractiseTest.fileUploadTest" name="gujarath" time="0.002"/>
  <testcase classname="fileUploadPractiseTest.fileUploadTest" name="fileUpload" time="0.039"/>
  <testcase classname="fileUploadPractiseTest.fileUploadTest" name="gujarath" time="0.003"/>
  <testcase classname="fileUploadPractiseTest.fileUploadTest" name="gujarath" time="0.002"/>
  <testcase classname="fileUploadPractiseTest.fileUploadTest" name="haryana" time="0.003"/>
</testsuite> <!-- fileUploadPractiseTest.fileUploadTest -->
