<?xml version="1.0" encoding="UTF-8"?>
<!-- Generated by org.testng.reporters.JUnitReportReporter -->
<testsuite hostname="DESKTOP-F2U77VL" failures="0" tests="2" name="sampleTestNGTest.practise1" time="0.018" errors="0" timestamp="2024-07-08T11:01:51 IST" skipped="0">
  <testcase classname="sampleTestNGTest.practise1" name="testcase2" time="0.014"/>
  <testcase classname="sampleTestNGTest.practise1" name="testcase3" time="0.004"/>
</testsuite> <!-- sampleTestNGTest.practise1 -->
