<?xml version="1.0" encoding="UTF-8"?>
<!-- Generated by org.testng.reporters.JUnitReportReporter -->
<testsuite hostname="DESKTOP-F2U77VL" failures="0" tests="3" name="TestNGListenerPractise.FramesPractiseTest" time="0.031" errors="0" timestamp="2024-07-04T11:19:19 IST" skipped="0">
  <testcase classname="TestNGListenerPractise.FramesPractiseTest" name="frames3" time="0.009"/>
  <testcase classname="TestNGListenerPractise.FramesPractiseTest" name="frames2" time="0.016"/>
  <testcase classname="TestNGListenerPractise.FramesPractiseTest" name="framesTestmthod" time="0.006"/>
</testsuite> <!-- TestNGListenerPractise.FramesPractiseTest -->
